<?xml version="1.0" encoding="UTF-8"?>
<Site BuildName="Linux-g++"
	BuildStamp="20231015-1354-Experimental"
	Name="vaibhav-Lenovo-ideapad"
	Generator="ctest-3.22.1"
	CompilerName="/usr/bin/g++"
	CompilerVersion="11.4.0"
	OSName="Linux"
	Hostname="vaibhav-Lenovo-ideapad"
	OSRelease="5.15.0-43-generic"
	OSVersion="#46-Ubuntu SMP Tue Jul 12 10:30:17 UTC 2022"
	OSPlatform="x86_64"
	Is64Bits="1"
	VendorString="GenuineIntel"
	VendorID="Intel Corporation"
	FamilyID="6"
	ModelID="142"
	ProcessorCacheSize="3072"
	NumberOfLogicalCPU="4"
	NumberOfPhysicalCPU="2"
	TotalVirtualMemory="9765"
	TotalPhysicalMemory="7733"
	LogicalProcessorsPerPhysical="2"
	ProcessorClockFrequency="3100"
	>
	<Testing>
		<StartDateTime>Oct 15 19:25 IST</StartDateTime>
		<StartTestTime>1697378100</StartTestTime>
		<TestList/>
		<EndDateTime>Oct 15 19:25 IST</EndDateTime>
		<EndTestTime>1697378100</EndTestTime>
		<ElapsedMinutes>0</ElapsedMinutes>
	</Testing>
</Site>
